<?xml version="1.0" encoding="UTF-8"?>
<!-- Generated by org.testng.reporters.JUnitXMLReporter -->
<testsuite ignored="0" hostname="DESKTOP-V235CD1" failures="0" tests="11" name="Default test" time="21.913" errors="0" timestamp="2025-05-02T19:12:33 GMT+03:00">
  <testcase classname="almosafertas.almosafertas.AppTest" name="CheckDefaultLanguageisEN" time="0.058"/>
  <testcase classname="almosafertas.almosafertas.AppTest" name="cheakdDefultCurrncy" time="0.043"/>
  <testcase classname="almosafertas.almosafertas.AppTest" name="CheckContactNumber" time="0.025"/>
  <testcase classname="almosafertas.almosafertas.AppTest" name="cheaklogoqitaf" time="0.111"/>
  <testcase classname="almosafertas.almosafertas.AppTest" name="cheackseachtapforHotel" time="0.022"/>
  <testcase classname="almosafertas.almosafertas.AppTest" name="CheckDepatureDate" time="0.031"/>
  <testcase classname="almosafertas.almosafertas.AppTest" name="Randomchangweb" time="1.099"/>
  <testcase classname="almosafertas.almosafertas.AppTest" name="RandomlyChangeTheLanguage" time="0.554"/>
  <testcase classname="almosafertas.almosafertas.AppTest" name="FillHotelTab" time="1.922"/>
  <testcase classname="almosafertas.almosafertas.AppTest" name="RandomlySelectTheNumberOfVistor" time="5.264"/>
  <testcase classname="almosafertas.almosafertas.AppTest" name="CheckpgeFullyLoaded" time="10.046"/>
</testsuite> <!-- Default test -->
