<?xml version="1.0" encoding="UTF-8"?>
<testng-results ignored="0" total="11" passed="11" failed="0" skipped="0">
  <reporter-output>
  </reporter-output>
  <suite started-at="2025-05-02T19:12:11 GMT+03:00" name="Default suite" finished-at="2025-05-02T19:12:33 GMT+03:00" duration-ms="21913">
    <groups>
    </groups>
    <test started-at="2025-05-02T19:12:11 GMT+03:00" name="Default test" finished-at="2025-05-02T19:12:33 GMT+03:00" duration-ms="21913">
      <class name="almosafertas.almosafertas.AppTest">
        <test-method is-config="true" signature="setup()[pri:0, instance:almosafertas.almosafertas.AppTest@5a85c92]" started-at="2025-05-02T19:12:11 GMT+03:00" name="setup" finished-at="2025-05-02T19:12:13 GMT+03:00" duration-ms="2673" status="PASS">
          <reporter-output>
          </reporter-output>
        </test-method> <!-- setup -->
        <test-method signature="CheckDefaultLanguageisEN()[pri:1, instance:almosafertas.almosafertas.AppTest@5a85c92]" started-at="2025-05-02T19:12:13 GMT+03:00" name="CheckDefaultLanguageisEN" finished-at="2025-05-02T19:12:13 GMT+03:00" duration-ms="58" status="PASS">
          <reporter-output>
          </reporter-output>
        </test-method> <!-- CheckDefaultLanguageisEN -->
        <test-method signature="cheakdDefultCurrncy()[pri:2, instance:almosafertas.almosafertas.AppTest@5a85c92]" started-at="2025-05-02T19:12:13 GMT+03:00" name="cheakdDefultCurrncy" finished-at="2025-05-02T19:12:13 GMT+03:00" duration-ms="43" status="PASS">
          <reporter-output>
          </reporter-output>
        </test-method> <!-- cheakdDefultCurrncy -->
        <test-method signature="CheckContactNumber()[pri:3, instance:almosafertas.almosafertas.AppTest@5a85c92]" started-at="2025-05-02T19:12:13 GMT+03:00" name="CheckContactNumber" finished-at="2025-05-02T19:12:13 GMT+03:00" duration-ms="25" status="PASS">
          <reporter-output>
          </reporter-output>
        </test-method> <!-- CheckContactNumber -->
        <test-method signature="cheaklogoqitaf()[pri:4, instance:almosafertas.almosafertas.AppTest@5a85c92]" started-at="2025-05-02T19:12:14 GMT+03:00" name="cheaklogoqitaf" finished-at="2025-05-02T19:12:14 GMT+03:00" duration-ms="111" status="PASS">
          <reporter-output>
          </reporter-output>
        </test-method> <!-- cheaklogoqitaf -->
        <test-method signature="cheackseachtapforHotel()[pri:5, instance:almosafertas.almosafertas.AppTest@5a85c92]" started-at="2025-05-02T19:12:14 GMT+03:00" name="cheackseachtapforHotel" finished-at="2025-05-02T19:12:14 GMT+03:00" duration-ms="22" status="PASS">
          <reporter-output>
          </reporter-output>
        </test-method> <!-- cheackseachtapforHotel -->
        <test-method signature="CheckDepatureDate()[pri:6, instance:almosafertas.almosafertas.AppTest@5a85c92]" started-at="2025-05-02T19:12:14 GMT+03:00" name="CheckDepatureDate" finished-at="2025-05-02T19:12:14 GMT+03:00" duration-ms="31" status="PASS">
          <reporter-output>
          </reporter-output>
        </test-method> <!-- CheckDepatureDate -->
        <test-method signature="Randomchangweb()[pri:7, instance:almosafertas.almosafertas.AppTest@5a85c92]" started-at="2025-05-02T19:12:14 GMT+03:00" name="Randomchangweb" finished-at="2025-05-02T19:12:15 GMT+03:00" duration-ms="1099" status="PASS">
          <reporter-output>
          </reporter-output>
        </test-method> <!-- Randomchangweb -->
        <test-method signature="RandomlyChangeTheLanguage()[pri:7, instance:almosafertas.almosafertas.AppTest@5a85c92]" started-at="2025-05-02T19:12:15 GMT+03:00" name="RandomlyChangeTheLanguage" finished-at="2025-05-02T19:12:15 GMT+03:00" duration-ms="554" status="PASS">
          <reporter-output>
          </reporter-output>
        </test-method> <!-- RandomlyChangeTheLanguage -->
        <test-method signature="FillHotelTab()[pri:8, instance:almosafertas.almosafertas.AppTest@5a85c92]" started-at="2025-05-02T19:12:15 GMT+03:00" name="FillHotelTab" finished-at="2025-05-02T19:12:17 GMT+03:00" duration-ms="1922" status="PASS">
          <reporter-output>
          </reporter-output>
        </test-method> <!-- FillHotelTab -->
        <test-method signature="RandomlySelectTheNumberOfVistor()[pri:9, instance:almosafertas.almosafertas.AppTest@5a85c92]" started-at="2025-05-02T19:12:17 GMT+03:00" name="RandomlySelectTheNumberOfVistor" finished-at="2025-05-02T19:12:23 GMT+03:00" duration-ms="5264" status="PASS">
          <reporter-output>
          </reporter-output>
        </test-method> <!-- RandomlySelectTheNumberOfVistor -->
        <test-method signature="CheckpgeFullyLoaded()[pri:10, instance:almosafertas.almosafertas.AppTest@5a85c92]" started-at="2025-05-02T19:12:23 GMT+03:00" name="CheckpgeFullyLoaded" finished-at="2025-05-02T19:12:33 GMT+03:00" duration-ms="10046" status="PASS">
          <reporter-output>
          </reporter-output>
        </test-method> <!-- CheckpgeFullyLoaded -->
      </class> <!-- almosafertas.almosafertas.AppTest -->
    </test> <!-- Default test -->
  </suite> <!-- Default suite -->
</testng-results>
